d:\programming\unity\앙팡\apmaptool\apmaptool\release\apmaptool.pch
d:\programming\unity\앙팡\apmaptool\apmaptool\release\stdafx.obj
d:\programming\unity\앙팡\apmaptool\apmaptool\release\warptilenode.obj
d:\programming\unity\앙팡\apmaptool\apmaptool\release\tilenode.obj
d:\programming\unity\앙팡\apmaptool\apmaptool\release\stagewindow.obj
d:\programming\unity\앙팡\apmaptool\apmaptool\release\spawntilenode.obj
d:\programming\unity\앙팡\apmaptool\apmaptool\release\routesimulation.obj
d:\programming\unity\앙팡\apmaptool\apmaptool\release\resourcemanager.obj
d:\programming\unity\앙팡\apmaptool\apmaptool\release\renderwindow.obj
d:\programming\unity\앙팡\apmaptool\apmaptool\release\mapproc.obj
d:\programming\unity\앙팡\apmaptool\apmaptool\release\mainproc.obj
d:\programming\unity\앙팡\apmaptool\apmaptool\release\goaltilenode.obj
d:\programming\unity\앙팡\apmaptool\apmaptool\release\detailwindow.obj
d:\programming\unity\앙팡\apmaptool\apmaptool\release\childwindow.obj
d:\programming\unity\앙팡\apmaptool\apmaptool\release\assetwindow.obj
d:\programming\unity\앙팡\apmaptool\apmaptool\release\assetproc.obj
d:\programming\unity\앙팡\apmaptool\apmaptool\release\apmaptool.obj
d:\programming\unity\앙팡\apmaptool\release\apmaptool.exe
d:\programming\unity\앙팡\apmaptool\release\apmaptool.ipdb
d:\programming\unity\앙팡\apmaptool\release\apmaptool.iobj
d:\programming\unity\앙팡\apmaptool\release\apmaptool.pdb
d:\programming\unity\앙팡\apmaptool\apmaptool\release\apmaptool.res
d:\programming\unity\앙팡\apmaptool\apmaptool\release\apmaptool.tlog\cl.command.1.tlog
d:\programming\unity\앙팡\apmaptool\apmaptool\release\apmaptool.tlog\cl.read.1.tlog
d:\programming\unity\앙팡\apmaptool\apmaptool\release\apmaptool.tlog\cl.write.1.tlog
d:\programming\unity\앙팡\apmaptool\apmaptool\release\apmaptool.tlog\link.command.1.tlog
d:\programming\unity\앙팡\apmaptool\apmaptool\release\apmaptool.tlog\link.read.1.tlog
d:\programming\unity\앙팡\apmaptool\apmaptool\release\apmaptool.tlog\link.write.1.tlog
d:\programming\unity\앙팡\apmaptool\apmaptool\release\apmaptool.tlog\rc.command.1.tlog
d:\programming\unity\앙팡\apmaptool\apmaptool\release\apmaptool.tlog\rc.read.1.tlog
d:\programming\unity\앙팡\apmaptool\apmaptool\release\apmaptool.tlog\rc.write.1.tlog
